examples/TestBroadcastReceiver/app/build/outputs/logs/manifest-merger-debug-report.txt
-- Merging decision tree log ---
manifest
ADDED from src/main/AndroidManifest.xml:2:1-35:12
	package
		ADDED from src/main/AndroidManifest.xml:3:7-36
		INJECTED from src/main/AndroidManifest.xml
		INJECTED from src/main/AndroidManifest.xml
	android:versionName
		ADDED from src/main/AndroidManifest.xml:5:7-34
	android:versionCode
		ADDED from src/main/AndroidManifest.xml:4:7-30
		INJECTED from src/main/AndroidManifest.xml
		INJECTED from src/main/AndroidManifest.xml
	xmlns:android
		ADDED from src/main/AndroidManifest.xml:2:11-69
application
ADDED from src/main/AndroidManifest.xml:6:5-33:15
	android:label
		ADDED from src/main/AndroidManifest.xml:6:48-87
	android:icon
		ADDED from src/main/AndroidManifest.xml:6:18-47
activity#com.androidbook.bcr.TestBCRActivity
ADDED from src/main/AndroidManifest.xml:7:9-13:20
	android:label
		ADDED from src/main/AndroidManifest.xml:8:19-58
	android:name
		ADDED from src/main/AndroidManifest.xml:7:19-50
intent-filter#android.intent.action.MAIN+android.intent.category.LAUNCHER
ADDED from src/main/AndroidManifest.xml:9:13-12:29
action#android.intent.action.MAIN
ADDED from src/main/AndroidManifest.xml:10:17-69
	android:name
		ADDED from src/main/AndroidManifest.xml:10:25-66
category#android.intent.category.LAUNCHER
ADDED from src/main/AndroidManifest.xml:11:17-77
	android:name
		ADDED from src/main/AndroidManifest.xml:11:27-74
receiver#com.androidbook.bcr.TestReceiver
ADDED from src/main/AndroidManifest.xml:15:5-19:16
	android:name
		ADDED from src/main/AndroidManifest.xml:15:15-43
intent-filter#com.androidbook.intents.testbc
ADDED from src/main/AndroidManifest.xml:16:6-18:22
action#com.androidbook.intents.testbc
ADDED from src/main/AndroidManifest.xml:17:7-62
	android:name
		ADDED from src/main/AndroidManifest.xml:17:15-60
receiver#com.androidbook.bcr.TestTimeDelayReceiver
ADDED from src/main/AndroidManifest.xml:21:5-25:16
	android:name
		ADDED from src/main/AndroidManifest.xml:21:15-52
receiver#com.androidbook.bcr.TestReceiver2
ADDED from src/main/AndroidManifest.xml:27:5-31:16
	android:name
		ADDED from src/main/AndroidManifest.xml:27:15-44
uses-sdk
ADDED from src/main/AndroidManifest.xml:34:5-44
	android:targetSdkVersion
		INJECTED from src/main/AndroidManifest.xml
		INJECTED from src/main/AndroidManifest.xml
	android:minSdkVersion
		ADDED from src/main/AndroidManifest.xml:34:15-41
		INJECTED from src/main/AndroidManifest.xml
		INJECTED from src/main/AndroidManifest.xml